<beans xmlns="http://www.springframework.org/schema/beans"
	xmlns:xsi="http://www.w3.org/2001/XMLSchema-instance" 
	xmlns:oxm="http://www.springframework.org/schema/oxm"
	xmlns:context="http://www.springframework.org/schema/context"
	xsi:schemaLocation="http://www.springframework.org/schema/oxm http://www.springframework.org/schema/oxm/spring-oxm.xsd
	http://www.springframework.org/schema/beans http://www.springframework.org/schema/beans/spring-beans-3.0.xsd
   http://www.springframework.org/schema/context http://www.springframework.org/schema/context/spring-context-3.0.xsd">

	<context:component-scan base-package="lk.estudents" />
	
	<oxm:jaxb2-marshaller id="marshaller" context-path="lk.estudents.schemas.xsd.persondata"/>
	<oxm:jaxb2-marshaller id="unmarshaller" context-path="lk.estudents.schemas.xsd.persondata"/>
	
	<bean id="marshallingPayloadMethodProcessor"
		class="org.springframework.ws.server.endpoint.adapter.method.MarshallingPayloadMethodProcessor">
		<constructor-arg ref="marshaller"/>
		<constructor-arg ref="unmarshaller"/>
	</bean>

	<bean id="defaultMethodEndpointAdapter"
		class="org.springframework.ws.server.endpoint.adapter.DefaultMethodEndpointAdapter">
		<property name="methodArgumentResolvers">
			<list>
				<ref bean="marshallingPayloadMethodProcessor" />
			</list>
		</property>
		<property name="methodReturnValueHandlers">
			<list>
				<ref bean="marshallingPayloadMethodProcessor" />
			</list>
		</property>
	</bean>


	<!-- WSDL URL : ${person.data.ws.endpoint}/personDataWsdl11Definition.wsdl -->
	<bean name="personDataWsdl11Definition"
		class="org.springframework.ws.wsdl.wsdl11.DefaultWsdl11Definition">
		<property name="schema">
			<bean class="org.springframework.xml.xsd.SimpleXsdSchema">
				<property name="xsd" value="classpath:person-data.xsd" />
			</bean>
		</property>
		<property name="portTypeName" value="PersonDataServicePortType" />
		<property name="locationUri" value="${person.data.ws.endpoint}" />
	</bean>
	
	<bean id="propertyPlaceholderConfigurer"
		class="org.springframework.beans.factory.config.PropertyPlaceholderConfigurer">
		<property name="ignoreUnresolvablePlaceholders" value="true" />
		<property name="searchSystemEnvironment" value="true" />
		<property name="systemPropertiesModeName" value="SYSTEM_PROPERTIES_MODE_OVERRIDE" />
		<property name="locations">
			<list>
				<!-- load from class path resource -->
				<value>classpath:test-person-data.properties</value>
				<!-- load from external path resource -->
				<!-- <value>file:${person.config.path}/*.properties</value>-->
			</list>
		</property>
	</bean>
	
	<bean id="log4jConfigurer" class="org.springframework.beans.factory.config.MethodInvokingFactoryBean">
	   <property name="targetClass" value="org.springframework.util.Log4jConfigurer"/>
	   <property name="targetMethod" value="initLogging"/>
	   <property name="arguments">
	     <list>
	       <value>${person.data.log4j.config.file}</value>
	     </list>
	  </property>
	</bean>	

</beans>
