<beans xmlns="http://www.springframework.org/schema/beans"
	xmlns:xsi="http://www.w3.org/2001/XMLSchema-instance" xmlns:context="http://www.springframework.org/schema/context"
	xmlns:sws="http://www.springframework.org/schema/web-services"
	xsi:schemaLocation="http://www.springframework.org/schema/beans http://www.springframework.org/schema/beans/spring-beans-3.0.xsd
  http://www.springframework.org/schema/web-services http://www.springframework.org/schema/web-services/web-services-2.0.xsd
  http://www.springframework.org/schema/context http://www.springframework.org/schema/context/spring-context-3.0.xsd">

	<!-- load properties from classpath resource as well as via system environment variables. -->
	<bean id="propertyPlaceholderConfigurer"
		class="org.springframework.beans.factory.config.PropertyPlaceholderConfigurer">
		<property name="ignoreUnresolvablePlaceholders" value="true" />
		<property name="searchSystemEnvironment" value="true" />
		<property name="systemPropertiesModeName" value="SYSTEM_PROPERTIES_MODE_OVERRIDE" />
		<property name="locations">
			<list>
				<value>classpath:config/test-person-data-client.properties</value>
			</list>
		</property>
	</bean>
	<!-- initialize log4j via configuration file. -->
	<bean id="log4jConfigurer" class="org.springframework.beans.factory.config.MethodInvokingFactoryBean">
	   <property name="targetClass" value="org.springframework.util.Log4jConfigurer"/>
	   <property name="targetMethod" value="initLogging"/>
	   <property name="arguments">
	     <list>
	       <value>${person.data.log4j.config.file}</value>
	     </list>
	  </property>
	</bean>	
	
</beans>
